0 info it worked if it ends with ok
1 verbose cli [ 'node',
1 verbose cli   '/usr/local/bin/npm',
1 verbose cli   'install',
1 verbose cli   '--save-dev',
1 verbose cli   'babel-preset-es2015' ]
2 info using npm@1.4.28
3 info using node@v0.10.35
4 warn package.json babelifyshit@1.0.0 No repository field.
5 warn package.json babelifyshit@1.0.0 No README data
6 verbose readDependencies using package.json deps
7 verbose cache add [ 'babel-preset-es2015@^6.1.4', null ]
8 verbose cache add name=undefined spec="babel-preset-es2015@^6.1.4" args=["babel-preset-es2015@^6.1.4",null]
9 verbose parsed url { protocol: null,
9 verbose parsed url   slashes: null,
9 verbose parsed url   auth: null,
9 verbose parsed url   host: null,
9 verbose parsed url   port: null,
9 verbose parsed url   hostname: null,
9 verbose parsed url   hash: null,
9 verbose parsed url   search: null,
9 verbose parsed url   query: null,
9 verbose parsed url   pathname: 'babel-preset-es2015@^6.1.4',
9 verbose parsed url   path: 'babel-preset-es2015@^6.1.4',
9 verbose parsed url   href: 'babel-preset-es2015@^6.1.4' }
10 verbose cache add name="babel-preset-es2015" spec="^6.1.4" args=["babel-preset-es2015","^6.1.4"]
11 verbose parsed url { protocol: null,
11 verbose parsed url   slashes: null,
11 verbose parsed url   auth: null,
11 verbose parsed url   host: null,
11 verbose parsed url   port: null,
11 verbose parsed url   hostname: null,
11 verbose parsed url   hash: null,
11 verbose parsed url   search: null,
11 verbose parsed url   query: null,
11 verbose parsed url   pathname: '^6.1.4',
11 verbose parsed url   path: '^6.1.4',
11 verbose parsed url   href: '^6.1.4' }
12 verbose addNamed [ 'babel-preset-es2015', '^6.1.4' ]
13 verbose addNamed [ null, '>=6.1.4-0 <7.0.0-0' ]
14 silly lockFile 9aa9a02c-babel-preset-es2015-6-1-4 babel-preset-es2015@^6.1.4
15 verbose lock babel-preset-es2015@^6.1.4 /Users/kalpana/.npm/9aa9a02c-babel-preset-es2015-6-1-4.lock
16 silly addNameRange { name: 'babel-preset-es2015',
16 silly addNameRange   range: '>=6.1.4-0 <7.0.0-0',
16 silly addNameRange   hasData: false }
17 verbose request where is /babel-preset-es2015
18 verbose request registry https://registry.npmjs.org/
19 verbose request id 362124601b3aa578
20 verbose url raw /babel-preset-es2015
21 verbose url resolving [ 'https://registry.npmjs.org/', './babel-preset-es2015' ]
22 verbose url resolved https://registry.npmjs.org/babel-preset-es2015
23 verbose request where is https://registry.npmjs.org/babel-preset-es2015
24 info trying registry request attempt 1 at 23:43:40
25 verbose etag "L0OIMCP870YINOJJ5604D0Q"
26 http GET https://registry.npmjs.org/babel-preset-es2015
27 http 200 https://registry.npmjs.org/babel-preset-es2015
28 silly registry.get cb [ 200,
28 silly registry.get   { server: 'CouchDB/1.5.0 (Erlang OTP/R16B03)',
28 silly registry.get     etag: '"EYMBZ4LTU9ABGD9IGTT7I6W4V"',
28 silly registry.get     'content-type': 'application/json',
28 silly registry.get     'content-encoding': 'gzip',
28 silly registry.get     'cache-control': 'max-age=300',
28 silly registry.get     'content-length': '3926',
28 silly registry.get     'accept-ranges': 'bytes',
28 silly registry.get     date: 'Sun, 08 May 2016 22:45:09 GMT',
28 silly registry.get     via: '1.1 varnish',
28 silly registry.get     age: '182',
28 silly registry.get     connection: 'keep-alive',
28 silly registry.get     'x-served-by': 'cache-lhr6323-LHR',
28 silly registry.get     'x-cache': 'HIT',
28 silly registry.get     'x-cache-hits': '1',
28 silly registry.get     'x-timer': 'S1462747509.921992,VS0,VE0',
28 silly registry.get     vary: 'Accept-Encoding' } ]
29 silly addNameRange number 2 { name: 'babel-preset-es2015',
29 silly addNameRange   range: '>=6.1.4-0 <7.0.0-0',
29 silly addNameRange   hasData: true }
30 silly addNameRange versions [ 'babel-preset-es2015',
30 silly addNameRange   [ '6.0.2',
30 silly addNameRange     '6.0.8',
30 silly addNameRange     '6.0.11',
30 silly addNameRange     '6.0.12',
30 silly addNameRange     '6.0.14',
30 silly addNameRange     '6.0.15',
30 silly addNameRange     '6.1.2',
30 silly addNameRange     '6.1.4',
30 silly addNameRange     '6.1.17',
30 silly addNameRange     '6.1.18',
30 silly addNameRange     '6.2.4',
30 silly addNameRange     '6.3.13',
30 silly addNameRange     '6.5.0',
30 silly addNameRange     '6.5.0-1',
30 silly addNameRange     '6.6.0' ] ]
31 verbose addNamed [ 'babel-preset-es2015', '6.6.0' ]
32 verbose addNamed [ '6.6.0', '6.6.0' ]
33 silly lockFile 172d6825-babel-preset-es2015-6-6-0 babel-preset-es2015@6.6.0
34 verbose lock babel-preset-es2015@6.6.0 /Users/kalpana/.npm/172d6825-babel-preset-es2015-6-6-0.lock
35 silly lockFile 0378e675-15-babel-preset-es2015-6-6-0-tgz https://registry.npmjs.org/babel-preset-es2015/-/babel-preset-es2015-6.6.0.tgz
36 verbose lock https://registry.npmjs.org/babel-preset-es2015/-/babel-preset-es2015-6.6.0.tgz /Users/kalpana/.npm/0378e675-15-babel-preset-es2015-6-6-0-tgz.lock
37 verbose addRemoteTarball [ 'https://registry.npmjs.org/babel-preset-es2015/-/babel-preset-es2015-6.6.0.tgz',
37 verbose addRemoteTarball   '88b33e58fec94c6ebde58dc65ece5d14e0ec2568' ]
38 info retry fetch attempt 1 at 23:43:41
39 verbose fetch to= /var/folders/_9/ffnp4yzx411bw4w99qwhn9tr0000gp/T/npm-662--ZPq7xHG/registry.npmjs.org/babel-preset-es2015/-/babel-preset-es2015-6.6.0.tgz
40 http GET https://registry.npmjs.org/babel-preset-es2015/-/babel-preset-es2015-6.6.0.tgz
41 http 200 https://registry.npmjs.org/babel-preset-es2015/-/babel-preset-es2015-6.6.0.tgz
42 silly lockFile 0378e675-15-babel-preset-es2015-6-6-0-tgz https://registry.npmjs.org/babel-preset-es2015/-/babel-preset-es2015-6.6.0.tgz
43 silly lockFile 0378e675-15-babel-preset-es2015-6-6-0-tgz https://registry.npmjs.org/babel-preset-es2015/-/babel-preset-es2015-6.6.0.tgz
44 silly lockFile 172d6825-babel-preset-es2015-6-6-0 babel-preset-es2015@6.6.0
45 silly lockFile 172d6825-babel-preset-es2015-6-6-0 babel-preset-es2015@6.6.0
46 silly lockFile 9aa9a02c-babel-preset-es2015-6-1-4 babel-preset-es2015@^6.1.4
47 silly lockFile 9aa9a02c-babel-preset-es2015-6-1-4 babel-preset-es2015@^6.1.4
48 error Error: EACCES, mkdir '/Users/kalpana/.npm/babel-preset-es2015/6.6.0'
48 error  { [Error: EACCES, mkdir '/Users/kalpana/.npm/babel-preset-es2015/6.6.0']
48 error   errno: 3,
48 error   code: 'EACCES',
48 error   path: '/Users/kalpana/.npm/babel-preset-es2015/6.6.0',
48 error   parent: 'babelifyshit' }
49 error Please try running this command again as root/Administrator.
50 error System Darwin 14.1.0
51 error command "node" "/usr/local/bin/npm" "install" "--save-dev" "babel-preset-es2015"
52 error cwd /Users/kalpana/projects/git/es6test/WithGulp/src
53 error node -v v0.10.35
54 error npm -v 1.4.28
55 error path /Users/kalpana/.npm/babel-preset-es2015/6.6.0
56 error code EACCES
57 error errno 3
58 error stack Error: EACCES, mkdir '/Users/kalpana/.npm/babel-preset-es2015/6.6.0'
59 verbose exit [ 3, true ]
